2025-04-08T08:50:13.516Z - ❌ Environment file not found: D:\pashiya project\ukcas\Server\.env.local
2025-04-08T08:50:41.489Z - Loading environment variables from: D:\pashiya project\ukcas\Server\.env.local
2025-04-08T08:50:41.737Z - Environment: development
2025-04-08T08:52:08.769Z - Loading environment variables from: D:\pashiya project\ukcas\Server\.env.local
2025-04-08T08:52:08.969Z - Environment: development
2025-04-08T08:55:54.495Z - Loading environment variables from: D:\pashiya project\ukcas\Server\.env.local
2025-04-08T08:55:54.704Z - Environment: development
2025-04-08T08:58:36.365Z - Loading environment variables from: D:\pashiya project\ukcas\Server\.env.local
2025-04-08T08:58:36.565Z - Environment: development
2025-04-08T08:59:54.134Z - Loading environment variables from: D:\pashiya project\ukcas\Server\.env.local
2025-04-08T08:59:54.333Z - Environment: development
2025-04-08T09:00:22.223Z - Loading environment variables from: D:\pashiya project\ukcas\Server\.env.local
2025-04-08T09:00:22.427Z - Environment: development
2025-04-20T06:11:12.784Z - Loading environment variables from: C:\xampp\htdocs\ukcas\server\.env.local
2025-04-20T06:11:13.675Z - Environment: development
2025-04-20T06:11:46.447Z - Loading environment variables from: C:\xampp\htdocs\ukcas\server\.env.local
2025-04-20T06:11:47.185Z - Environment: development
2025-04-20T06:13:07.891Z - Loading environment variables from: C:\xampp\htdocs\ukcas\server\.env.local
2025-04-20T06:13:08.789Z - Environment: development
2025-04-20T06:15:54.708Z - Loading environment variables from: C:\xampp\htdocs\ukcas\server\.env.local
2025-04-20T06:15:55.541Z - Environment: development
2025-04-20T06:17:09.228Z - Loading environment variables from: C:\xampp\htdocs\ukcas\server\.env.local
2025-04-20T06:17:09.970Z - Environment: development
2025-04-20T06:21:58.334Z - Loading environment variables from: C:\xampp\htdocs\ukcas\server\.env.local
2025-04-20T06:21:58.687Z - Environment: development
2025-04-20T06:24:36.432Z - Loading environment variables from: C:\xampp\htdocs\ukcas\server\.env.local
2025-04-20T06:24:36.798Z - Environment: development
2025-04-20T06:26:33.547Z - Loading environment variables from: C:\xampp\htdocs\ukcas\server\.env.local
2025-04-20T06:26:34.115Z - Environment: development
2025-04-20T06:26:52.315Z - Loading environment variables from: C:\xampp\htdocs\ukcas\server\.env.local
2025-04-20T06:26:52.672Z - Environment: development
2025-04-20T06:27:17.152Z - Loading environment variables from: C:\xampp\htdocs\ukcas\server\.env.local
2025-04-20T06:27:17.692Z - Environment: development
2025-04-20T06:28:23.518Z - Loading environment variables from: C:\xampp\htdocs\ukcas\server\.env.local
2025-04-20T06:28:23.891Z - Environment: development
2025-04-20T06:28:23.922Z - Server running on port 5000
2025-04-20T06:28:23.924Z - 
Local: http://localhost:5000
2025-04-20T06:28:23.960Z - Network: http://192.168.8.115:5000
2025-04-20T06:28:24.121Z - 
✅ Database synced successfully
